<?xml version="1.0" encoding="UTF-8" ?>
<testsuite failures="0" time="0.874" errors="1" skipped="0" tests="1" name="it.tmp.mexican.mydozerdemo.GenericDAOToTitanMessagePayloadTest">
  <properties>
    <property name="java.runtime.name" value="Java(TM) SE Runtime Environment"/>
    <property name="sun.boot.library.path" value="/usr/local/java/jdk1.7.0_51/jre/lib/amd64"/>
    <property name="java.vm.version" value="24.51-b03"/>
    <property name="java.vm.vendor" value="Oracle Corporation"/>
    <property name="java.vendor.url" value="http://java.oracle.com/"/>
    <property name="path.separator" value=":"/>
    <property name="guice.disable.misplaced.annotation.check" value="true"/>
    <property name="java.vm.name" value="Java HotSpot(TM) 64-Bit Server VM"/>
    <property name="file.encoding.pkg" value="sun.io"/>
    <property name="user.country" value="IT"/>
    <property name="sun.java.launcher" value="SUN_STANDARD"/>
    <property name="sun.os.patch.level" value="unknown"/>
    <property name="java.vm.specification.name" value="Java Virtual Machine Specification"/>
    <property name="user.dir" value="/home/uzumaki/WORKSPACEs/workspace/MyDozerDemo"/>
    <property name="java.runtime.version" value="1.7.0_51-b13"/>
    <property name="java.awt.graphicsenv" value="sun.awt.X11GraphicsEnvironment"/>
    <property name="java.endorsed.dirs" value="/usr/local/java/jdk1.7.0_51/jre/lib/endorsed"/>
    <property name="os.arch" value="amd64"/>
    <property name="java.io.tmpdir" value="/tmp"/>
    <property name="line.separator" value="
"/>
    <property name="java.vm.specification.vendor" value="Oracle Corporation"/>
    <property name="os.name" value="Linux"/>
    <property name="classworlds.conf" value="/home/uzumaki/WORKSPACEs/workspace/.metadata/.plugins/org.eclipse.m2e.launching/launches/m2conf3403648715358161831.tmp"/>
    <property name="sun.jnu.encoding" value="UTF-8"/>
    <property name="java.library.path" value="/usr/java/packages/lib/amd64:/usr/lib64:/lib64:/lib:/usr/lib"/>
    <property name="java.specification.name" value="Java Platform API Specification"/>
    <property name="java.class.version" value="51.0"/>
    <property name="sun.management.compiler" value="HotSpot 64-Bit Tiered Compilers"/>
    <property name="os.version" value="3.8.0-35-generic"/>
    <property name="user.home" value="/home/uzumaki"/>
    <property name="user.timezone" value="Europe/Rome"/>
    <property name="java.awt.printerjob" value="sun.print.PSPrinterJob"/>
    <property name="file.encoding" value="UTF-8"/>
    <property name="java.specification.version" value="1.7"/>
    <property name="user.name" value="uzumaki"/>
    <property name="java.class.path" value="/home/uzumaki/DEVTOOLS/eclipse/configuration/org.eclipse.osgi/bundles/532/1/.cp/jars/plexus-classworlds-2.4.jar"/>
    <property name="java.vm.specification.version" value="1.7"/>
    <property name="sun.arch.data.model" value="64"/>
    <property name="java.home" value="/usr/local/java/jdk1.7.0_51/jre"/>
    <property name="sun.java.command" value="org.codehaus.plexus.classworlds.launcher.Launcher -B install"/>
    <property name="java.specification.vendor" value="Oracle Corporation"/>
    <property name="user.language" value="it"/>
    <property name="awt.toolkit" value="sun.awt.X11.XToolkit"/>
    <property name="java.vm.info" value="mixed mode"/>
    <property name="java.version" value="1.7.0_51"/>
    <property name="java.ext.dirs" value="/usr/local/java/jdk1.7.0_51/jre/lib/ext:/usr/java/packages/lib/ext"/>
    <property name="securerandom.source" value="file:/dev/./urandom"/>
    <property name="sun.boot.class.path" value="/usr/local/java/jdk1.7.0_51/jre/lib/resources.jar:/usr/local/java/jdk1.7.0_51/jre/lib/rt.jar:/usr/local/java/jdk1.7.0_51/jre/lib/sunrsasign.jar:/usr/local/java/jdk1.7.0_51/jre/lib/jsse.jar:/usr/local/java/jdk1.7.0_51/jre/lib/jce.jar:/usr/local/java/jdk1.7.0_51/jre/lib/charsets.jar:/usr/local/java/jdk1.7.0_51/jre/lib/jfr.jar:/usr/local/java/jdk1.7.0_51/jre/classes"/>
    <property name="java.vendor" value="Oracle Corporation"/>
    <property name="maven.home" value="/home/uzumaki/WORKSPACEs/workspace/MyDozerDemo/EMBEDDED"/>
    <property name="file.separator" value="/"/>
    <property name="java.vendor.url.bug" value="http://bugreport.sun.com/bugreport/"/>
    <property name="maven.bootclasspath" value="/home/uzumaki/DEVTOOLS/eclipse/configuration/org.eclipse.osgi/bundles/532/1/.cp/jars/plexus-classworlds-2.4.jar"/>
    <property name="sun.cpu.endian" value="little"/>
    <property name="sun.io.unicode.encoding" value="UnicodeLittle"/>
    <property name="sun.desktop" value="gnome"/>
    <property name="sun.cpu.isalist" value=""/>
  </properties>
  <testcase time="0.753" classname="it.tmp.mexican.mydozerdemo.GenericDAOToTitanMessagePayloadTest" name="dtoToMap_withValidCreateCustomerDTO">
    <error message="java.lang.InstantiationException: it.tmp.mexican.mydozerdemo.converter.GlobalTitanConverter" type="org.dozer.MappingException">org.dozer.MappingException: java.lang.InstantiationException: it.tmp.mexican.mydozerdemo.converter.GlobalTitanConverter
	at org.dozer.util.MappingUtils.throwMappingException(MappingUtils.java:82)
	at org.dozer.util.ReflectionUtils.newInstance(ReflectionUtils.java:360)
	at org.dozer.MappingProcessor.mapUsingCustomConverter(MappingProcessor.java:971)
	at org.dozer.MappingProcessor.map(MappingProcessor.java:173)
	at org.dozer.MappingProcessor.map(MappingProcessor.java:124)
	at org.dozer.MappingProcessor.map(MappingProcessor.java:119)
	at org.dozer.DozerBeanMapper.map(DozerBeanMapper.java:120)
	at it.tmp.mexican.mydozerdemo.GenericDAOToTitanMessagePayloadTest.dtoToMap_withValidCreateCustomerDTO(GenericDAOToTitanMessagePayloadTest.java:36)
	at sun.reflect.NativeMethodAccessorImpl.invoke0(Native Method)
	at sun.reflect.NativeMethodAccessorImpl.invoke(NativeMethodAccessorImpl.java:57)
	at sun.reflect.DelegatingMethodAccessorImpl.invoke(DelegatingMethodAccessorImpl.java:43)
	at java.lang.reflect.Method.invoke(Method.java:606)
	at org.junit.runners.model.FrameworkMethod$1.runReflectiveCall(FrameworkMethod.java:44)
	at org.junit.internal.runners.model.ReflectiveCallable.run(ReflectiveCallable.java:15)
	at org.junit.runners.model.FrameworkMethod.invokeExplosively(FrameworkMethod.java:41)
	at org.junit.internal.runners.statements.InvokeMethod.evaluate(InvokeMethod.java:20)
	at org.springframework.test.context.junit4.statements.RunBeforeTestMethodCallbacks.evaluate(RunBeforeTestMethodCallbacks.java:74)
	at org.springframework.test.context.junit4.statements.RunAfterTestMethodCallbacks.evaluate(RunAfterTestMethodCallbacks.java:83)
	at org.springframework.test.context.junit4.statements.SpringRepeat.evaluate(SpringRepeat.java:72)
	at org.springframework.test.context.junit4.SpringJUnit4ClassRunner.runChild(SpringJUnit4ClassRunner.java:231)
	at org.springframework.test.context.junit4.SpringJUnit4ClassRunner.runChild(SpringJUnit4ClassRunner.java:88)
	at org.junit.runners.ParentRunner$3.run(ParentRunner.java:193)
	at org.junit.runners.ParentRunner$1.schedule(ParentRunner.java:52)
	at org.junit.runners.ParentRunner.runChildren(ParentRunner.java:191)
	at org.junit.runners.ParentRunner.access$000(ParentRunner.java:42)
	at org.junit.runners.ParentRunner$2.evaluate(ParentRunner.java:184)
	at org.springframework.test.context.junit4.statements.RunBeforeTestClassCallbacks.evaluate(RunBeforeTestClassCallbacks.java:61)
	at org.springframework.test.context.junit4.statements.RunAfterTestClassCallbacks.evaluate(RunAfterTestClassCallbacks.java:71)
	at org.junit.runners.ParentRunner.run(ParentRunner.java:236)
	at org.springframework.test.context.junit4.SpringJUnit4ClassRunner.run(SpringJUnit4ClassRunner.java:174)
	at org.apache.maven.surefire.junit4.JUnit4TestSet.execute(JUnit4TestSet.java:53)
	at org.apache.maven.surefire.junit4.JUnit4Provider.executeTestSet(JUnit4Provider.java:123)
	at org.apache.maven.surefire.junit4.JUnit4Provider.invoke(JUnit4Provider.java:104)
	at sun.reflect.NativeMethodAccessorImpl.invoke0(Native Method)
	at sun.reflect.NativeMethodAccessorImpl.invoke(NativeMethodAccessorImpl.java:57)
	at sun.reflect.DelegatingMethodAccessorImpl.invoke(DelegatingMethodAccessorImpl.java:43)
	at java.lang.reflect.Method.invoke(Method.java:606)
	at org.apache.maven.surefire.util.ReflectionUtils.invokeMethodWithArray(ReflectionUtils.java:164)
	at org.apache.maven.surefire.booter.ProviderFactory$ProviderProxy.invoke(ProviderFactory.java:110)
	at org.apache.maven.surefire.booter.SurefireStarter.invokeProvider(SurefireStarter.java:175)
	at org.apache.maven.surefire.booter.SurefireStarter.runSuitesInProcessWhenForked(SurefireStarter.java:107)
	at org.apache.maven.surefire.booter.ForkedBooter.main(ForkedBooter.java:68)
Caused by: java.lang.InstantiationException: it.tmp.mexican.mydozerdemo.converter.GlobalTitanConverter
	at java.lang.Class.newInstance(Class.java:359)
	at org.dozer.util.ReflectionUtils.newInstance(ReflectionUtils.java:358)
	... 40 more
</error>
    <system-out>15:12:34 | INFO  | main | org.dozer.config.GlobalSettings | Trying to find Dozer configuration file: dozer.properties
15:12:34 | WARN  | main | org.dozer.config.GlobalSettings | Dozer configuration file not found: dozer.properties.  Using defaults for all Dozer global properties.
15:12:34 | INFO  | main | org.dozer.DozerInitializer | Initializing Dozer. Version: 5.4.0, Thread Name: main
15:12:34 | INFO  | main | org.dozer.jmx.JMXPlatformImpl | Dozer JMX MBean [org.dozer.jmx:type=DozerStatisticsController] auto registered with the Platform MBean Server
15:12:34 | INFO  | main | org.dozer.jmx.JMXPlatformImpl | Dozer JMX MBean [org.dozer.jmx:type=DozerAdminController] auto registered with the Platform MBean Server
15:12:34 | INFO  | main | org.dozer.DozerBeanMapper | Initializing a new instance of dozer bean mapper.
15:12:35 | INFO  | main | org.dozer.DozerBeanMapper | Using the following xml files to load custom mappings for the bean mapper instance: [dozer-global-configuration.xml, dozer-dto_to_cdm-mapping.xml]
15:12:35 | INFO  | main | org.dozer.DozerBeanMapper | Trying to find xml mapping file: dozer-global-configuration.xml
15:12:35 | INFO  | main | org.dozer.DozerBeanMapper | Using URL [file:/home/uzumaki/WORKSPACEs/workspace/MyDozerDemo/target/classes/dozer-global-configuration.xml] to load custom xml mappings
15:12:35 | DEBUG | main | org.dozer.loader.xml.DozerResolver | Trying to resolve XML entity with public ID [null] and system ID [http://dozer.sourceforge.net/schema/beanmapping.xsd]
15:12:35 | DEBUG | main | org.dozer.loader.xml.DozerResolver | Trying to locate [beanmapping.xsd] in classpath
15:12:35 | DEBUG | main | org.dozer.loader.xml.DozerResolver | Found beanmapping XML Schema [http://dozer.sourceforge.net/schema/beanmapping.xsd] in classpath
15:12:35 | DEBUG | main | org.dozer.loader.xml.XMLParser | name: configuration
15:12:35 | DEBUG | main | org.dozer.loader.xml.XMLParser | config name: stop-on-errors
15:12:35 | DEBUG | main | org.dozer.loader.xml.XMLParser |   value: true
15:12:35 | DEBUG | main | org.dozer.loader.xml.XMLParser | config name: date-format
15:12:35 | DEBUG | main | org.dozer.loader.xml.XMLParser |   value: MM/dd/yyyy HH:mm
15:12:35 | DEBUG | main | org.dozer.loader.xml.XMLParser | config name: wildcard
15:12:35 | DEBUG | main | org.dozer.loader.xml.XMLParser |   value: true
15:12:35 | DEBUG | main | org.dozer.loader.xml.XMLParser | config name: custom-converters
15:12:35 | DEBUG | main | org.dozer.loader.xml.XMLParser |   value:  these are always bi-directional 
15:12:35 | DEBUG | main | org.dozer.loader.xml.XMLParser | config name: converter
15:12:35 | DEBUG | main | org.dozer.loader.xml.XMLParser |   value: null
15:12:35 | INFO  | main | org.dozer.DozerBeanMapper | Successfully loaded custom xml mappings from URL: [file:/home/uzumaki/WORKSPACEs/workspace/MyDozerDemo/target/classes/dozer-global-configuration.xml]
15:12:35 | INFO  | main | org.dozer.DozerBeanMapper | Trying to find xml mapping file: dozer-dto_to_cdm-mapping.xml
15:12:35 | INFO  | main | org.dozer.DozerBeanMapper | Using URL [file:/home/uzumaki/WORKSPACEs/workspace/MyDozerDemo/target/classes/dozer-dto_to_cdm-mapping.xml] to load custom xml mappings
15:12:35 | DEBUG | main | org.dozer.loader.xml.DozerResolver | Trying to resolve XML entity with public ID [null] and system ID [http://dozer.sourceforge.net/schema/beanmapping.xsd]
15:12:35 | DEBUG | main | org.dozer.loader.xml.DozerResolver | Trying to locate [beanmapping.xsd] in classpath
15:12:35 | DEBUG | main | org.dozer.loader.xml.DozerResolver | Found beanmapping XML Schema [http://dozer.sourceforge.net/schema/beanmapping.xsd] in classpath
15:12:35 | DEBUG | main | org.dozer.loader.xml.XMLParser | name: mapping
15:12:35 | DEBUG | main | org.dozer.loader.xml.XMLParser | config name: class-a
15:12:35 | DEBUG | main | org.dozer.loader.xml.XMLParser |   value: it.tmp.mexican.mydozerdemo.dto.CreateCustomerDTO
15:12:35 | DEBUG | main | org.dozer.loader.xml.XMLParser | config name: class-b
15:12:35 | DEBUG | main | org.dozer.loader.xml.XMLParser |   value: it.tmp.mexican.mydozerdemo.domain.Customer
15:12:35 | DEBUG | main | org.dozer.loader.xml.XMLParser | config name: field
15:12:35 | DEBUG | main | org.dozer.loader.xml.XMLParser |   value: null
15:12:35 | DEBUG | main | org.dozer.loader.xml.XMLParser | config name: a
15:12:35 | DEBUG | main | org.dozer.loader.xml.XMLParser |   value: customerName
15:12:35 | DEBUG | main | org.dozer.loader.xml.XMLParser | config name: b
15:12:35 | DEBUG | main | org.dozer.loader.xml.XMLParser |   value: name
15:12:35 | DEBUG | main | org.dozer.loader.xml.XMLParser | config name: field
15:12:35 | DEBUG | main | org.dozer.loader.xml.XMLParser |   value: null
15:12:35 | DEBUG | main | org.dozer.loader.xml.XMLParser | config name: a
15:12:35 | DEBUG | main | org.dozer.loader.xml.XMLParser |   value: customerSurname
15:12:35 | DEBUG | main | org.dozer.loader.xml.XMLParser | config name: b
15:12:35 | DEBUG | main | org.dozer.loader.xml.XMLParser |   value: lastName
15:12:35 | DEBUG | main | org.dozer.loader.xml.XMLParser | config name: field
15:12:35 | DEBUG | main | org.dozer.loader.xml.XMLParser |   value: null
15:12:35 | DEBUG | main | org.dozer.loader.xml.XMLParser | config name: a
15:12:35 | DEBUG | main | org.dozer.loader.xml.XMLParser |   value: customerCity
15:12:35 | DEBUG | main | org.dozer.loader.xml.XMLParser | config name: b
15:12:35 | DEBUG | main | org.dozer.loader.xml.XMLParser |   value: address.city
15:12:35 | DEBUG | main | org.dozer.loader.xml.XMLParser | config name: field
15:12:35 | DEBUG | main | org.dozer.loader.xml.XMLParser |   value: null
15:12:35 | DEBUG | main | org.dozer.loader.xml.XMLParser | config name: a
15:12:35 | DEBUG | main | org.dozer.loader.xml.XMLParser |   value: customerAddress
15:12:35 | DEBUG | main | org.dozer.loader.xml.XMLParser | config name: b
15:12:35 | DEBUG | main | org.dozer.loader.xml.XMLParser |   value: address.road
15:12:35 | DEBUG | main | org.dozer.loader.xml.XMLParser | name: mapping
15:12:35 | DEBUG | main | org.dozer.loader.xml.XMLParser | config name: class-a
15:12:35 | DEBUG | main | org.dozer.loader.xml.XMLParser |   value: it.tmp.mexican.mydozerdemo.dto.CreateCustomerDTO
15:12:35 | DEBUG | main | org.dozer.loader.xml.XMLParser | config name: class-b
15:12:35 | DEBUG | main | org.dozer.loader.xml.XMLParser |   value: it.tmp.mexican.mydozerdemo.domain.Address
15:12:35 | DEBUG | main | org.dozer.loader.xml.XMLParser | config name: field
15:12:35 | DEBUG | main | org.dozer.loader.xml.XMLParser |   value: null
15:12:35 | DEBUG | main | org.dozer.loader.xml.XMLParser | config name: a
15:12:35 | DEBUG | main | org.dozer.loader.xml.XMLParser |   value: customerCity
15:12:35 | DEBUG | main | org.dozer.loader.xml.XMLParser | config name: b
15:12:35 | DEBUG | main | org.dozer.loader.xml.XMLParser |   value: city
15:12:35 | DEBUG | main | org.dozer.loader.xml.XMLParser | config name: field
15:12:35 | DEBUG | main | org.dozer.loader.xml.XMLParser |   value: null
15:12:35 | DEBUG | main | org.dozer.loader.xml.XMLParser | config name: a
15:12:35 | DEBUG | main | org.dozer.loader.xml.XMLParser |   value: customerAddress
15:12:35 | DEBUG | main | org.dozer.loader.xml.XMLParser | config name: b
15:12:35 | DEBUG | main | org.dozer.loader.xml.XMLParser |   value: road
15:12:35 | INFO  | main | org.dozer.DozerBeanMapper | Successfully loaded custom xml mappings from URL: [file:/home/uzumaki/WORKSPACEs/workspace/MyDozerDemo/target/classes/dozer-dto_to_cdm-mapping.xml]
</system-out>
    <system-err>apr 17, 2014 3:12:34 PM org.springframework.test.context.TestContextManager retrieveTestExecutionListeners
Informazioni: Could not instantiate TestExecutionListener class [org.springframework.test.context.web.ServletTestExecutionListener]. Specify custom listener classes or make the default listener classes (and their dependencies) available.
apr 17, 2014 3:12:34 PM org.springframework.test.context.TestContextManager retrieveTestExecutionListeners
Informazioni: Could not instantiate TestExecutionListener class [org.springframework.test.context.transaction.TransactionalTestExecutionListener]. Specify custom listener classes or make the default listener classes (and their dependencies) available.
apr 17, 2014 3:12:34 PM org.springframework.beans.factory.xml.XmlBeanDefinitionReader loadBeanDefinitions
Informazioni: Loading XML bean definitions from class path resource [META-INF/spring/spring-context.xml]
apr 17, 2014 3:12:34 PM org.springframework.context.support.GenericApplicationContext prepareRefresh
Informazioni: Refreshing org.springframework.context.support.GenericApplicationContext@5c6e18b0: startup date [Thu Apr 17 15:12:34 CEST 2014]; root of context hierarchy
apr 17, 2014 3:12:34 PM org.springframework.beans.factory.support.DefaultListableBeanFactory preInstantiateSingletons
Informazioni: Pre-instantiating singletons in org.springframework.beans.factory.support.DefaultListableBeanFactory@34b1e15c: defining beans [globalTitanConverter,org.springframework.context.annotation.internalConfigurationAnnotationProcessor,org.springframework.context.annotation.internalAutowiredAnnotationProcessor,org.springframework.context.annotation.internalRequiredAnnotationProcessor,org.springframework.context.annotation.internalCommonAnnotationProcessor,org.dozer.Mapper,org.springframework.context.annotation.ConfigurationClassPostProcessor.importAwareProcessor]; root of factory hierarchy
</system-err>
  </testcase>
</testsuite>