<?xml version="1.0" encoding="UTF-8" ?>
<testsuite failures="0" time="0.003" errors="1" skipped="2" tests="3" name="it.tmp.mexican.mydozerdemo.CreateCustomerDTOToCDMTest">
  <properties>
    <property name="java.runtime.name" value="Java(TM) SE Runtime Environment"/>
    <property name="sun.boot.library.path" value="/usr/local/java/jdk1.7.0_51/jre/lib/amd64"/>
    <property name="java.vm.version" value="24.51-b03"/>
    <property name="java.vm.vendor" value="Oracle Corporation"/>
    <property name="java.vendor.url" value="http://java.oracle.com/"/>
    <property name="path.separator" value=":"/>
    <property name="guice.disable.misplaced.annotation.check" value="true"/>
    <property name="java.vm.name" value="Java HotSpot(TM) 64-Bit Server VM"/>
    <property name="file.encoding.pkg" value="sun.io"/>
    <property name="user.country" value="IT"/>
    <property name="sun.java.launcher" value="SUN_STANDARD"/>
    <property name="sun.os.patch.level" value="unknown"/>
    <property name="java.vm.specification.name" value="Java Virtual Machine Specification"/>
    <property name="user.dir" value="/home/uzumaki/WORKSPACEs/workspace/MyDozerDemo"/>
    <property name="java.runtime.version" value="1.7.0_51-b13"/>
    <property name="java.awt.graphicsenv" value="sun.awt.X11GraphicsEnvironment"/>
    <property name="java.endorsed.dirs" value="/usr/local/java/jdk1.7.0_51/jre/lib/endorsed"/>
    <property name="os.arch" value="amd64"/>
    <property name="java.io.tmpdir" value="/tmp"/>
    <property name="line.separator" value="
"/>
    <property name="java.vm.specification.vendor" value="Oracle Corporation"/>
    <property name="os.name" value="Linux"/>
    <property name="classworlds.conf" value="/home/uzumaki/WORKSPACEs/workspace/.metadata/.plugins/org.eclipse.m2e.launching/launches/m2conf3403648715358161831.tmp"/>
    <property name="sun.jnu.encoding" value="UTF-8"/>
    <property name="java.library.path" value="/usr/java/packages/lib/amd64:/usr/lib64:/lib64:/lib:/usr/lib"/>
    <property name="java.specification.name" value="Java Platform API Specification"/>
    <property name="java.class.version" value="51.0"/>
    <property name="sun.management.compiler" value="HotSpot 64-Bit Tiered Compilers"/>
    <property name="os.version" value="3.8.0-35-generic"/>
    <property name="user.home" value="/home/uzumaki"/>
    <property name="user.timezone" value="Europe/Rome"/>
    <property name="java.awt.printerjob" value="sun.print.PSPrinterJob"/>
    <property name="file.encoding" value="UTF-8"/>
    <property name="java.specification.version" value="1.7"/>
    <property name="user.name" value="uzumaki"/>
    <property name="java.class.path" value="/home/uzumaki/DEVTOOLS/eclipse/configuration/org.eclipse.osgi/bundles/532/1/.cp/jars/plexus-classworlds-2.4.jar"/>
    <property name="java.vm.specification.version" value="1.7"/>
    <property name="sun.arch.data.model" value="64"/>
    <property name="java.home" value="/usr/local/java/jdk1.7.0_51/jre"/>
    <property name="sun.java.command" value="org.codehaus.plexus.classworlds.launcher.Launcher -B install"/>
    <property name="java.specification.vendor" value="Oracle Corporation"/>
    <property name="user.language" value="it"/>
    <property name="awt.toolkit" value="sun.awt.X11.XToolkit"/>
    <property name="java.vm.info" value="mixed mode"/>
    <property name="java.version" value="1.7.0_51"/>
    <property name="java.ext.dirs" value="/usr/local/java/jdk1.7.0_51/jre/lib/ext:/usr/java/packages/lib/ext"/>
    <property name="securerandom.source" value="file:/dev/./urandom"/>
    <property name="sun.boot.class.path" value="/usr/local/java/jdk1.7.0_51/jre/lib/resources.jar:/usr/local/java/jdk1.7.0_51/jre/lib/rt.jar:/usr/local/java/jdk1.7.0_51/jre/lib/sunrsasign.jar:/usr/local/java/jdk1.7.0_51/jre/lib/jsse.jar:/usr/local/java/jdk1.7.0_51/jre/lib/jce.jar:/usr/local/java/jdk1.7.0_51/jre/lib/charsets.jar:/usr/local/java/jdk1.7.0_51/jre/lib/jfr.jar:/usr/local/java/jdk1.7.0_51/jre/classes"/>
    <property name="java.vendor" value="Oracle Corporation"/>
    <property name="maven.home" value="/home/uzumaki/WORKSPACEs/workspace/MyDozerDemo/EMBEDDED"/>
    <property name="file.separator" value="/"/>
    <property name="java.vendor.url.bug" value="http://bugreport.sun.com/bugreport/"/>
    <property name="maven.bootclasspath" value="/home/uzumaki/DEVTOOLS/eclipse/configuration/org.eclipse.osgi/bundles/532/1/.cp/jars/plexus-classworlds-2.4.jar"/>
    <property name="sun.cpu.endian" value="little"/>
    <property name="sun.io.unicode.encoding" value="UnicodeLittle"/>
    <property name="sun.desktop" value="gnome"/>
    <property name="sun.cpu.isalist" value=""/>
  </properties>
  <testcase time="0.002" classname="it.tmp.mexican.mydozerdemo.CreateCustomerDTOToCDMTest" name="dtoToMap_withValidCreateCustomerDTO">
    <error message="Unable to locate dozer mapping file [dozer-mapping.xml] in the classpath!" type="org.dozer.MappingException">org.dozer.MappingException: Unable to locate dozer mapping file [dozer-mapping.xml] in the classpath!
	at org.dozer.util.MappingUtils.throwMappingException(MappingUtils.java:87)
	at org.dozer.util.MappingValidator.validateURL(MappingValidator.java:63)
	at org.dozer.DozerBeanMapper.loadFromFiles(DozerBeanMapper.java:225)
	at org.dozer.DozerBeanMapper.loadCustomMappings(DozerBeanMapper.java:209)
	at org.dozer.DozerBeanMapper.initMappings(DozerBeanMapper.java:315)
	at org.dozer.DozerBeanMapper.getMappingProcessor(DozerBeanMapper.java:192)
	at org.dozer.DozerBeanMapper.map(DozerBeanMapper.java:120)
	at it.tmp.mexican.mydozerdemo.dto.DozerUtil.mapper(DozerUtil.java:39)
	at it.tmp.mexican.mydozerdemo.CreateCustomerDTOToCDMTest.dtoToMap_withValidCreateCustomerDTO(CreateCustomerDTOToCDMTest.java:60)
	at sun.reflect.NativeMethodAccessorImpl.invoke0(Native Method)
	at sun.reflect.NativeMethodAccessorImpl.invoke(NativeMethodAccessorImpl.java:57)
	at sun.reflect.DelegatingMethodAccessorImpl.invoke(DelegatingMethodAccessorImpl.java:43)
	at java.lang.reflect.Method.invoke(Method.java:606)
	at org.junit.runners.model.FrameworkMethod$1.runReflectiveCall(FrameworkMethod.java:44)
	at org.junit.internal.runners.model.ReflectiveCallable.run(ReflectiveCallable.java:15)
	at org.junit.runners.model.FrameworkMethod.invokeExplosively(FrameworkMethod.java:41)
	at org.junit.internal.runners.statements.InvokeMethod.evaluate(InvokeMethod.java:20)
	at org.junit.runners.BlockJUnit4ClassRunner.runChild(BlockJUnit4ClassRunner.java:76)
	at org.junit.runners.BlockJUnit4ClassRunner.runChild(BlockJUnit4ClassRunner.java:50)
	at org.junit.runners.ParentRunner$3.run(ParentRunner.java:193)
	at org.junit.runners.ParentRunner$1.schedule(ParentRunner.java:52)
	at org.junit.runners.ParentRunner.runChildren(ParentRunner.java:191)
	at org.junit.runners.ParentRunner.access$000(ParentRunner.java:42)
	at org.junit.runners.ParentRunner$2.evaluate(ParentRunner.java:184)
	at org.junit.runners.ParentRunner.run(ParentRunner.java:236)
	at org.apache.maven.surefire.junit4.JUnit4TestSet.execute(JUnit4TestSet.java:53)
	at org.apache.maven.surefire.junit4.JUnit4Provider.executeTestSet(JUnit4Provider.java:123)
	at org.apache.maven.surefire.junit4.JUnit4Provider.invoke(JUnit4Provider.java:104)
	at sun.reflect.NativeMethodAccessorImpl.invoke0(Native Method)
	at sun.reflect.NativeMethodAccessorImpl.invoke(NativeMethodAccessorImpl.java:57)
	at sun.reflect.DelegatingMethodAccessorImpl.invoke(DelegatingMethodAccessorImpl.java:43)
	at java.lang.reflect.Method.invoke(Method.java:606)
	at org.apache.maven.surefire.util.ReflectionUtils.invokeMethodWithArray(ReflectionUtils.java:164)
	at org.apache.maven.surefire.booter.ProviderFactory$ProviderProxy.invoke(ProviderFactory.java:110)
	at org.apache.maven.surefire.booter.SurefireStarter.invokeProvider(SurefireStarter.java:175)
	at org.apache.maven.surefire.booter.SurefireStarter.runSuitesInProcessWhenForked(SurefireStarter.java:107)
	at org.apache.maven.surefire.booter.ForkedBooter.main(ForkedBooter.java:68)
</error>
    <system-out>15:12:35 | DEBUG | main | org.dozer.DozerInitializer | Tried to perform initialization when Dozer was already started.
15:12:35 | INFO  | main | org.dozer.DozerBeanMapper | Initializing a new instance of dozer bean mapper.
15:12:35 | INFO  | main | org.dozer.DozerBeanMapper | Using the following xml files to load custom mappings for the bean mapper instance: [dozer-mapping.xml]
15:12:35 | INFO  | main | org.dozer.DozerBeanMapper | Trying to find xml mapping file: dozer-mapping.xml
</system-out>
  </testcase>
  <testcase time="0.002" classname="it.tmp.mexican.mydozerdemo.CreateCustomerDTOToCDMTest" name="genericObjectToMap_withValidCustomerAndAddress">
    <skipped/>
  </testcase>
  <testcase time="0.002" classname="it.tmp.mexican.mydozerdemo.CreateCustomerDTOToCDMTest" name="genericObjectToMap_withValidCustomer">
    <skipped/>
  </testcase>
</testsuite>